<?xml version="1.0" encoding="UTF-8"?>
<testsuite xmlns:xsi="http://www.w3.org/2001/XMLSchema-instance" xsi:noNamespaceSchemaLocation="https://maven.apache.org/surefire/maven-surefire-plugin/xsd/surefire-test-report.xsd" version="3.0.2" name="com.example.demo.SpaceHubApplicationTests" time="19.807" tests="1" errors="0" skipped="0" failures="0">
  <properties>
[...]
</properties>
  <testcase name="contextLoads" classname="com.example.demo.SpaceHubApplicationTests" time="1.037">
    <system-out><![CDATA[03:18:18.487 [main] INFO org.springframework.test.context.support.AnnotationConfigContextLoaderUtils -- Could not detect default configuration classes for test class [com.example.demo.SpaceHubApplicationTests]: SpaceHubApplicationTests does not declare any static, non-private, non-final, nested classes annotated with @Configuration.
03:18:18.749 [main] INFO org.springframework.boot.test.context.SpringBootTestContextBootstrapper -- Found @SpringBootConfiguration com.example.demo.SpaceHubApplication for test class com.example.demo.SpaceHubApplicationTests

  .   ____          _            __ _ _
 /\\ / ___'_ __ _ _(_)_ __  __ _ \ \ \ \
( ( )\___ | '_ | '_| | '_ \/ _` | \ \ \ \
 \\/  ___)| |_)| | | | | || (_| |  ) ) ) )
  '  |____| .__|_| |_|_| |_\__, | / / / /
 =========|_|==============|___/=/_/_/_/

 :: Spring Boot ::                (v3.4.4)

2025-04-10T03:18:19.764+01:00  INFO 30184 --- [           main] c.example.demo.SpaceHubApplicationTests  : Starting SpaceHubApplicationTests using Java 17.0.13 with PID 30184 (started by Usuario in C:\Users\Usuario\OneDrive\Desktop\development-platform-aya-douae-hamza-omar\Backend\demo)
2025-04-10T03:18:19.766+01:00  INFO 30184 --- [           main] c.example.demo.SpaceHubApplicationTests  : No active profile set, falling back to 1 default profile: "default"
2025-04-10T03:18:21.809+01:00  INFO 30184 --- [           main] .s.d.r.c.RepositoryConfigurationDelegate : Bootstrapping Spring Data JPA repositories in DEFAULT mode.
2025-04-10T03:18:22.113+01:00  INFO 30184 --- [           main] .s.d.r.c.RepositoryConfigurationDelegate : Finished Spring Data repository scanning in 265 ms. Found 14 JPA repository interfaces.
2025-04-10T03:18:23.752+01:00  INFO 30184 --- [           main] o.hibernate.jpa.internal.util.LogHelper  : HHH000204: Processing PersistenceUnitInfo [name: default]
2025-04-10T03:18:23.965+01:00  INFO 30184 --- [           main] org.hibernate.Version                    : HHH000412: Hibernate ORM core version 6.6.11.Final
2025-04-10T03:18:24.101+01:00  INFO 30184 --- [           main] o.h.c.internal.RegionFactoryInitiator    : HHH000026: Second-level cache disabled
2025-04-10T03:18:25.222+01:00  INFO 30184 --- [           main] o.s.o.j.p.SpringPersistenceUnitInfo      : No LoadTimeWeaver setup: ignoring JPA class transformer
2025-04-10T03:18:25.291+01:00  INFO 30184 --- [           main] com.zaxxer.hikari.HikariDataSource       : HikariPool-1 - Starting...
2025-04-10T03:18:25.540+01:00  INFO 30184 --- [           main] com.zaxxer.hikari.pool.HikariPool        : HikariPool-1 - Added connection org.postgresql.jdbc.PgConnection@42107318
2025-04-10T03:18:25.543+01:00  INFO 30184 --- [           main] com.zaxxer.hikari.HikariDataSource       : HikariPool-1 - Start completed.
2025-04-10T03:18:25.603+01:00  WARN 30184 --- [           main] org.hibernate.orm.deprecation            : HHH90000025: PostgreSQLDialect does not need to be specified explicitly using 'hibernate.dialect' (remove the property setting and it will be selected by default)
2025-04-10T03:18:25.655+01:00  INFO 30184 --- [           main] org.hibernate.orm.connections.pooling    : HHH10001005: Database info:
	Database JDBC URL [Connecting through datasource 'HikariDataSource (HikariPool-1)']
	Database driver: undefined/unknown
	Database version: 13.18
	Autocommit mode: undefined/unknown
	Isolation level: undefined/unknown
	Minimum pool size: undefined/unknown
	Maximum pool size: undefined/unknown
2025-04-10T03:18:27.703+01:00  INFO 30184 --- [           main] o.h.e.t.j.p.i.JtaPlatformInitiator       : HHH000489: No JTA platform available (set 'hibernate.transaction.jta.platform' to enable JTA platform integration)
2025-04-10T03:18:29.076+01:00  INFO 30184 --- [           main] j.LocalContainerEntityManagerFactoryBean : Initialized JPA EntityManagerFactory for persistence unit 'default'
2025-04-10T03:18:29.399+01:00  WARN 30184 --- [           main] JpaBaseConfiguration$JpaWebConfiguration : spring.jpa.open-in-view is enabled by default. Therefore, database queries may be performed during view rendering. Explicitly configure spring.jpa.open-in-view to disable this warning
2025-04-10T03:18:34.038+01:00  INFO 30184 --- [           main] o.s.d.j.r.query.QueryEnhancerFactory     : Hibernate is in classpath; If applicable, HQL parser will be used.
2025-04-10T03:18:36.804+01:00  INFO 30184 --- [           main] c.example.demo.SpaceHubApplicationTests  : Started SpaceHubApplicationTests in 17.653 seconds (process running for 19.895)
]]></system-out>
  </testcase>
</testsuite>